{
    "WHITE": "dmeyers5",
    "BLACK": "dmeyers5",
    "WINNER": "draw",
    "CONFIG": "Mini",
    "STARTING_POS": {
        "a6": "s",
        "b6": "q",
        "c6": "k",
        "d6": "s",
        "e6": "s",
        "f6": "s",
        "a5": "p",
        "b5": "p",
        "c5": "p",
        "d5": "p",
        "e5": "p",
        "f5": "p",
        "a2": "P",
        "b2": "P",
        "c2": "P",
        "d2": "P",
        "e2": "P",
        "f2": "P",
        "a1": "S",
        "b1": "Q",
        "c1": "K",
        "d1": "S",
        "e1": "S",
        "f1": "S"
    },
    "MOVES": [
        [
            "c2",
            "c3"
        ],
        [
            "e5",
            "e4"
        ],
        [
            "e2",
            "e3"
        ],
        [
            "d5",
            "d3"
        ],
        [
            "f2",
            "f4"
        ],
        [
            "a5",
            "a4"
        ],
        [
            "a2",
            "a3"
        ],
        [
            "e6",
            "b3"
        ],
        [
            "d1",
            "b3"
        ],
        [
            "a4",
            "b3"
        ],
        [
            "c3",
            "c4"
        ],
        [
            "b5",
            "c4"
        ],
        [
            "c1",
            "d1"
        ],
        [
            "a6",
            "a4"
        ],
        [
            "e1",
            "f2"
        ],
        [
            "c6",
            "d5"
        ],
        [
            "b1",
            "c1"
        ],
        [
            "b6",
            "b5"
        ],
        [
            "a1",
            "b1"
        ],
        [
            "c4",
            "c3"
        ],
        [
            "b2",
            "c3"
        ],
        [
            "b3",
            "b2"
        ],
        [
            "c1",
            "c2"
        ],
        [
            "d3",
            "c2"
        ],
        [
            "b1",
            "c2"
        ],
        [
            "b2",
            "b1"
        ]
    ],
    "TIMES": [
        null,
        null,
        null,
        null,
        null,
        null,
        null,
        null,
        null,
        null,
        null,
        null,
        null,
        null,
        null,
        null,
        null,
        null,
        null,
        null,
        null,
        null,
        null,
        null,
        null,
        null
    ],
    "RECORD": ""
}